<?xml version="1.0" encoding="UTF-8"?>
<!-- Generated by org.testng.reporters.JUnitXMLReporter -->
<testsuite hostname="LAPTOP-JSR19VR7" ignored="2" name="Test" tests="2" failures="0" timestamp="22 May 2019 13:40:32 GMT" time="14.462" errors="0">
  <testcase name="feature" time="5.785" classname="cucumber.api.testng.AbstractTestNGCucumberTests"/>
  <testcase name="feature" time="3.556" classname="cucumber.api.testng.AbstractTestNGCucumberTests"/>
  <testcase name="@AfterTest TearDown" time="0.0" classname="automation.worldremit.initialsetup.TestNgRunner">
    <ignored/>
  </testcase> <!-- @AfterTest TearDown -->
  <testcase name="@BeforeTest initDriver" time="0.0" classname="automation.worldremit.initialsetup.TestNgRunner">
    <ignored/>
  </testcase> <!-- @BeforeTest initDriver -->
</testsuite> <!-- Test -->
