<?xml version="1.0" encoding="UTF-8"?>
<testng-results skipped="0" failed="0" ignored="0" total="1" passed="1">
  <reporter-output>
  </reporter-output>
  <suite name="Suite" duration-ms="11241" started-at="2019-05-14T10:44:21Z" finished-at="2019-05-14T10:44:32Z">
    <groups>
      <group name="cucumber">
        <method signature="AbstractTestNGCucumberTests.feature(cucumber.api.testng.CucumberFeatureWrapper)[pri:0, instance:automation.worldremit.stepdefinitions.RunnerTest@7f13d6e]" name="feature" class="cucumber.api.testng.AbstractTestNGCucumberTests"/>
      </group> <!-- cucumber -->
    </groups>
    <test name="Test" duration-ms="11241" started-at="2019-05-14T10:44:21Z" finished-at="2019-05-14T10:44:32Z">
      <class name="automation.worldremit.stepdefinitions.RunnerTest">
        <test-method status="PASS" signature="setUpClass()[pri:0, instance:automation.worldremit.stepdefinitions.RunnerTest@7f13d6e]" name="setUpClass" is-config="true" duration-ms="190" started-at="2019-05-14T10:44:21Z" finished-at="2019-05-14T10:44:21Z">
          <reporter-output>
          </reporter-output>
        </test-method> <!-- setUpClass -->
        <test-method status="PASS" signature="feature(cucumber.api.testng.CucumberFeatureWrapper)[pri:0, instance:automation.worldremit.stepdefinitions.RunnerTest@7f13d6e]" name="feature" duration-ms="10940" started-at="2019-05-14T10:44:22Z" description="Runs Cucumber Feature" data-provider="features" finished-at="2019-05-14T10:44:32Z">
          <params>
            <param index="0">
              <value>
                <![CDATA[WorldRemit Send Money]]>
              </value>
            </param>
          </params>
          <reporter-output>
          </reporter-output>
        </test-method> <!-- feature -->
        <test-method status="PASS" signature="tearDownClass()[pri:0, instance:automation.worldremit.stepdefinitions.RunnerTest@7f13d6e]" name="tearDownClass" is-config="true" duration-ms="45" started-at="2019-05-14T10:44:32Z" finished-at="2019-05-14T10:44:32Z">
          <reporter-output>
          </reporter-output>
        </test-method> <!-- tearDownClass -->
      </class> <!-- automation.worldremit.stepdefinitions.RunnerTest -->
    </test> <!-- Test -->
  </suite> <!-- Suite -->
</testng-results>
